
> exampleapp@0.1.0 start /home/ops/huangw/ViolasWallet-Web
> PORT=10086 node scripts/start.js

Starting the development server...

Compiled with warnings.

./src/utils/violas.js
  Line 10:7:    '_mne1' is assigned a value but never used       no-unused-vars
  Line 11:7:    '_mne2' is assigned a value but never used       no-unused-vars
  Line 86:28:   Expected '===' and instead saw '=='              eqeqeq
  Line 122:7:   'new_base64' is assigned a value but never used  no-unused-vars
  Line 129:17:  The array literal notation [] is preferable      no-array-constructor

./src/view/default/home/manage.js
  Line 10:7:    'prompt' is assigned a value but never used                                                                no-unused-vars
  Line 29:53:   Expected '===' and instead saw '=='                                                                        eqeqeq
  Line 30:96:   Expected to return a value at the end of arrow function                                                    array-callback-return
  Line 31:91:   Expected '===' and instead saw '=='                                                                        eqeqeq
  Line 40:96:   Expected to return a value at the end of arrow function                                                    array-callback-return
  Line 41:105:  Expected '===' and instead saw '=='                                                                        eqeqeq
  Line 60:30:   Expected '===' and instead saw '=='                                                                        eqeqeq
  Line 62:37:   Expected '!==' and instead saw '!='                                                                        eqeqeq
  Line 99:24:   img elements must have an alt prop, either with meaningful text, or an empty string for decorative images  jsx-a11y/alt-text
  Line 114:56:  img elements must have an alt prop, either with meaningful text, or an empty string for decorative images  jsx-a11y/alt-text
  Line 122:56:  img elements must have an alt prop, either with meaningful text, or an empty string for decorative images  jsx-a11y/alt-text

./src/router/routerView.js
  Line 14:39:  Expected to return a value at the end of arrow function  array-callback-return

./src/store/index.js
  Line 1:10:  'autorun' is defined but never used  no-unused-vars

./src/view/default/backup/backup.js
  Line 20:16:  img elements must have an alt prop, either with meaningful text, or an empty string for decorative images  jsx-a11y/alt-text
  Line 33:18:  img elements must have an alt prop, either with meaningful text, or an empty string for decorative images  jsx-a11y/alt-text

./src/view/default/home/setting/feedBack.js
  Line 20:18:  Expected '===' and instead saw '=='                                                                        eqeqeq
  Line 24:25:  Expected '===' and instead saw '=='                                                                        eqeqeq
  Line 31:18:  Expected '===' and instead saw '=='                                                                        eqeqeq
  Line 35:25:  Expected '===' and instead saw '=='                                                                        eqeqeq
  Line 47:24:  img elements must have an alt prop, either with meaningful text, or an empty string for decorative images  jsx-a11y/alt-text
  Line 62:81:  img elements must have an alt prop, either with meaningful text, or an empty string for decorative images  jsx-a11y/alt-text

./src/view/default/home/mine/directoryInquiries1.js
  Line 22:42:   Expected '===' and instead saw '=='                                                                        eqeqeq
  Line 23:49:   Expected '===' and instead saw '=='                                                                        eqeqeq
  Line 24:52:   Expected to return a value at the end of arrow function                                                    array-callback-return
  Line 26:79:   Expected '===' and instead saw '=='                                                                        eqeqeq
  Line 36:47:   Expected '===' and instead saw '=='                                                                        eqeqeq
  Line 38:52:   Expected to return a value at the end of arrow function                                                    array-callback-return
  Line 40:79:   Expected '===' and instead saw '=='                                                                        eqeqeq
  Line 50:47:   Expected '===' and instead saw '=='                                                                        eqeqeq
  Line 52:52:   Expected to return a value at the end of arrow function                                                    array-callback-return
  Line 53:69:   Expected '===' and instead saw '=='                                                                        eqeqeq
  Line 61:49:   Expected '===' and instead saw '=='                                                                        eqeqeq
  Line 62:49:   Expected '===' and instead saw '=='                                                                        eqeqeq
  Line 63:52:   Expected to return a value at the end of arrow function                                                    array-callback-return
  Line 65:79:   Expected '===' and instead saw '=='                                                                        eqeqeq
  Line 98:42:   Expected '===' and instead saw '=='                                                                        eqeqeq
  Line 99:49:   Expected '===' and instead saw '=='                                                                        eqeqeq
  Line 106:47:  Expected '===' and instead saw '=='                                                                        eqeqeq
  Line 114:47:  Expected '===' and instead saw '=='                                                                        eqeqeq
  Line 122:49:  Expected '===' and instead saw '=='                                                                        eqeqeq
  Line 138:80:  Expected '===' and instead saw '=='                                                                        eqeqeq
  Line 154:13:  img elements must have an alt prop, either with meaningful text, or an empty string for decorative images  jsx-a11y/alt-text

./src/view/default/home/setting/aboutUs.js
  Line 23:24:  img elements must have an alt prop, either with meaningful text, or an empty string for decorative images  jsx-a11y/alt-text
  Line 28:47:  img elements must have an alt prop, either with meaningful text, or an empty string for decorative images  jsx-a11y/alt-text

./src/utils/kulap-function.js
  Line 23:5:  'address_mnemonic' is assigned a value but never used  no-unused-vars
  Line 26:5:  'address_mnemonic' is already defined                  no-redeclare
  Line 46:5:  'address_key' is assigned a value but never used       no-unused-vars
  Line 55:7:  'mint' is assigned a value but never used              no-unused-vars

./src/view/default/home/setting/service.js
  Line 24:24:  img elements must have an alt prop, either with meaningful text, or an empty string for decorative images  jsx-a11y/alt-text

./src/locales/index-en.js
  Line 28:5:   Duplicate key 'Backup Later'            no-dupe-keys
  Line 91:5:   Duplicate key 'Create'                  no-dupe-keys
  Line 95:5:   Duplicate key 'Input Nickname'          no-dupe-keys
  Line 103:5:  Duplicate key 'Set Wallet Access Code'  no-dupe-keys

./src/view/default/home/getMoney.js
  Line 29:53:   Expected '===' and instead saw '=='                                                                        eqeqeq
  Line 39:96:   Expected to return a value at the end of arrow function                                                    array-callback-return
  Line 40:91:   Expected '===' and instead saw '=='                                                                        eqeqeq
  Line 48:60:   Expected '===' and instead saw '=='                                                                        eqeqeq
  Line 58:96:   Expected to return a value at the end of arrow function                                                    array-callback-return
  Line 59:91:   Expected '===' and instead saw '=='                                                                        eqeqeq
  Line 66:60:   Expected '===' and instead saw '=='                                                                        eqeqeq
  Line 71:96:   Expected to return a value at the end of arrow function                                                    array-callback-return
  Line 72:91:   Expected '===' and instead saw '=='                                                                        eqeqeq
  Line 93:17:   'range' is already defined                                                                                 no-redeclare
  Line 110:24:  img elements must have an alt prop, either with meaningful text, or an empty string for decorative images  jsx-a11y/alt-text

./src/locales/index-cn.js
  Line 29:5:   Duplicate key 'Backup Later'            no-dupe-keys
  Line 100:5:  Duplicate key 'Create'                  no-dupe-keys
  Line 104:5:  Duplicate key 'Input Nickname'          no-dupe-keys
  Line 112:5:  Duplicate key 'Set Wallet Access Code'  no-dupe-keys

./src/store/modules/dealIndex.js
  Line 29:5:  Useless constructor  no-useless-constructor

./src/store/modules/index.js
  Line 2:10:   'getBTCDealRecord' is defined but never used   no-unused-vars
  Line 2:54:   'startCurLTranfer' is defined but never used   no-unused-vars
  Line 45:13:  'userInfo' is assigned a value but never used  no-unused-vars

./src/utils/bitcoinjs-lib6.js
  Line 2:7:    'testnet' is assigned a value but never used                                                                 no-unused-vars
  Line 3:7:    'mainnet' is assigned a value but never used                                                                 no-unused-vars
  Line 4:7:    'regtest' is assigned a value but never used                                                                 no-unused-vars
  Line 7:7:    'mne1' is assigned a value but never used                                                                    no-unused-vars
  Line 8:7:    'mne2' is assigned a value but never used                                                                    no-unused-vars
  Line 11:7:   'fee' is assigned a value but never used                                                                     no-unused-vars
  Line 46:19:  Function declared in a loop contains unsafe references to variable(s) 'total_count', '_satoshi', '_satoshi'  no-loop-func

./src/view/default/home/mine/createWallet.js
  Line 2:8:      'QrReader' is defined but never used                                                                       no-unused-vars
  Line 36:14:    Expected '===' and instead saw '=='                                                                        eqeqeq
  Line 40:21:    Expected '===' and instead saw '=='                                                                        eqeqeq
  Line 44:21:    Expected '===' and instead saw '=='                                                                        eqeqeq
  Line 54:32:    Unnecessary escape character: \d                                                                           no-useless-escape
  Line 54:57:    Unnecessary escape character: \d                                                                           no-useless-escape
  Line 55:14:    Expected '===' and instead saw '=='                                                                        eqeqeq
  Line 57:22:    Expected '===' and instead saw '=='                                                                        eqeqeq
  Line 59:22:    Expected '===' and instead saw '=='                                                                        eqeqeq
  Line 61:37:    Expected '===' and instead saw '=='                                                                        eqeqeq
  Line 67:16:    Expected '===' and instead saw '=='                                                                        eqeqeq
  Line 75:23:    Expected '===' and instead saw '=='                                                                        eqeqeq
  Line 82:23:    Expected '===' and instead saw '=='                                                                        eqeqeq
  Line 103:14:   img elements must have an alt prop, either with meaningful text, or an empty string for decorative images  jsx-a11y/alt-text
  Line 111:36:   Expected '===' and instead saw '=='                                                                        eqeqeq
  Line 111:50:   img elements must have an alt prop, either with meaningful text, or an empty string for decorative images  jsx-a11y/alt-text
  Line 111:99:   Expected '===' and instead saw '=='                                                                        eqeqeq
  Line 111:110:  img elements must have an alt prop, either with meaningful text, or an empty string for decorative images  jsx-a11y/alt-text
  Line 111:159:  Expected '===' and instead saw '=='                                                                        eqeqeq
  Line 111:170:  img elements must have an alt prop, either with meaningful text, or an empty string for decorative images  jsx-a11y/alt-text
  Line 115:34:   Expected '===' and instead saw '=='                                                                        eqeqeq
  Line 115:109:  Expected '===' and instead saw '=='                                                                        eqeqeq
  Line 115:182:  Expected '===' and instead saw '=='                                                                        eqeqeq
  Line 126:34:   Expected '===' and instead saw '=='                                                                        eqeqeq
  Line 126:159:  Expected '===' and instead saw '=='                                                                        eqeqeq
  Line 126:280:  Expected '===' and instead saw '=='                                                                        eqeqeq

./src/view/default/home/addCurrency.js
  Line 2:8:      'QrReader' is defined but never used                                                                       no-unused-vars
  Line 8:5:      'aes256' is assigned a value but never used                                                                no-unused-vars
  Line 44:61:    Expected '===' and instead saw '=='                                                                        eqeqeq
  Line 73:30:    Expected '===' and instead saw '=='                                                                        eqeqeq
  Line 75:37:    Expected '!==' and instead saw '!='                                                                        eqeqeq
  Line 101:24:   img elements must have an alt prop, either with meaningful text, or an empty string for decorative images  jsx-a11y/alt-text
  Line 107:51:   img elements must have an alt prop, either with meaningful text, or an empty string for decorative images  jsx-a11y/alt-text
  Line 109:74:   Expected '===' and instead saw '=='                                                                        eqeqeq
  Line 110:73:   Expected '===' and instead saw '=='                                                                        eqeqeq
  Line 116:59:   img elements must have an alt prop, either with meaningful text, or an empty string for decorative images  jsx-a11y/alt-text
  Line 123:55:   Expected '===' and instead saw '=='                                                                        eqeqeq
  Line 123:66:   img elements must have an alt prop, either with meaningful text, or an empty string for decorative images  jsx-a11y/alt-text
  Line 123:144:  img elements must have an alt prop, either with meaningful text, or an empty string for decorative images  jsx-a11y/alt-text

./src/view/default/home/mine/addAddress.js
  Line 2:8:     'QrReader' is defined but never used                                                                       no-unused-vars
  Line 31:17:   Expected '===' and instead saw '=='                                                                        eqeqeq
  Line 35:24:   Expected '===' and instead saw '=='                                                                        eqeqeq
  Line 50:17:   Expected '===' and instead saw '=='                                                                        eqeqeq
  Line 52:26:   Expected '===' and instead saw '=='                                                                        eqeqeq
  Line 54:24:   Expected '===' and instead saw '=='                                                                        eqeqeq
  Line 74:17:   img elements must have an alt prop, either with meaningful text, or an empty string for decorative images  jsx-a11y/alt-text
  Line 108:23:  img elements must have an alt prop, either with meaningful text, or an empty string for decorative images  jsx-a11y/alt-text
  Line 120:61:  Expected '===' and instead saw '=='                                                                        eqeqeq

./src/view/default/home/setting/setting.js
  Line 2:8:    'QrReader' is defined but never used                                                                       no-unused-vars
  Line 23:24:  img elements must have an alt prop, either with meaningful text, or an empty string for decorative images  jsx-a11y/alt-text
  Line 28:47:  img elements must have an alt prop, either with meaningful text, or an empty string for decorative images  jsx-a11y/alt-text
  Line 36:35:  img elements must have an alt prop, either with meaningful text, or an empty string for decorative images  jsx-a11y/alt-text
  Line 45:35:  img elements must have an alt prop, either with meaningful text, or an empty string for decorative images  jsx-a11y/alt-text
  Line 51:35:  img elements must have an alt prop, either with meaningful text, or an empty string for decorative images  jsx-a11y/alt-text
  Line 57:35:  img elements must have an alt prop, either with meaningful text, or an empty string for decorative images  jsx-a11y/alt-text

./src/view/default/home/mine/addPurse.js
  Line 2:8:    'QrReader' is defined but never used                                                                       no-unused-vars
  Line 33:24:  img elements must have an alt prop, either with meaningful text, or an empty string for decorative images  jsx-a11y/alt-text
  Line 39:51:  img elements must have an alt prop, either with meaningful text, or an empty string for decorative images  jsx-a11y/alt-text
  Line 46:51:  img elements must have an alt prop, either with meaningful text, or an empty string for decorative images  jsx-a11y/alt-text
  Line 53:51:  img elements must have an alt prop, either with meaningful text, or an empty string for decorative images  jsx-a11y/alt-text
  Line 71:38:  img elements must have an alt prop, either with meaningful text, or an empty string for decorative images  jsx-a11y/alt-text
  Line 80:38:  img elements must have an alt prop, either with meaningful text, or an empty string for decorative images  jsx-a11y/alt-text

./src/view/default/home/setting/multiLanguage.js
  Line 30:24:  img elements must have an alt prop, either with meaningful text, or an empty string for decorative images  jsx-a11y/alt-text
  Line 41:76:  Expected '===' and instead saw '=='                                                                        eqeqeq
  Line 50:76:  Expected '===' and instead saw '=='                                                                        eqeqeq

./src/view/default/welcome.js
  Line 32:14:  img elements must have an alt prop, either with meaningful text, or an empty string for decorative images  jsx-a11y/alt-text
  Line 33:15:  img elements must have an alt prop, either with meaningful text, or an empty string for decorative images  jsx-a11y/alt-text

./src/view/default/ImportIdentity/ImportIdentity.js
  Line 33:21:  Expected '===' and instead saw '=='                                                                        eqeqeq
  Line 50:14:  img elements must have an alt prop, either with meaningful text, or an empty string for decorative images  jsx-a11y/alt-text

./src/view/default/home/detailWallet.js
  Line 35:71:  Expected '===' and instead saw '=='                                                                        eqeqeq
  Line 55:57:  img elements must have an alt prop, either with meaningful text, or an empty string for decorative images  jsx-a11y/alt-text

./src/view/default/home/mine/transfer.js
  Line 36:39:    Expected '===' and instead saw '=='                                                                        eqeqeq
  Line 40:46:    Expected '===' and instead saw '=='                                                                        eqeqeq
  Line 44:46:    Expected '===' and instead saw '=='                                                                        eqeqeq
  Line 52:49:    Expected '===' and instead saw '=='                                                                        eqeqeq
  Line 62:56:    Expected '===' and instead saw '=='                                                                        eqeqeq
  Line 71:56:    Expected '===' and instead saw '=='                                                                        eqeqeq
  Line 95:17:    Expected '===' and instead saw '=='                                                                        eqeqeq
  Line 99:56:    Unnecessary escape character: \-                                                                           no-useless-escape
  Line 100:67:   Expected '!==' and instead saw '!='                                                                        eqeqeq
  Line 106:24:   Expected '===' and instead saw '=='                                                                        eqeqeq
  Line 114:17:   Expected '===' and instead saw '=='                                                                        eqeqeq
  Line 118:56:   Unnecessary escape character: \-                                                                           no-useless-escape
  Line 119:67:   Expected '!==' and instead saw '!='                                                                        eqeqeq
  Line 125:24:   Expected '===' and instead saw '=='                                                                        eqeqeq
  Line 137:52:   Unnecessary escape character: \-                                                                           no-useless-escape
  Line 138:63:   Expected '!==' and instead saw '!='                                                                        eqeqeq
  Line 141:17:   Expected '===' and instead saw '=='                                                                        eqeqeq
  Line 145:24:   Expected '===' and instead saw '=='                                                                        eqeqeq
  Line 155:18:   Expected '===' and instead saw '=='                                                                        eqeqeq
  Line 156:30:   Expected '===' and instead saw '=='                                                                        eqeqeq
  Line 158:32:   Expected '===' and instead saw '=='                                                                        eqeqeq
  Line 167:29:   Expected '===' and instead saw '=='                                                                        eqeqeq
  Line 175:25:   Expected '===' and instead saw '=='                                                                        eqeqeq
  Line 176:29:   Expected '===' and instead saw '=='                                                                        eqeqeq
  Line 178:33:   Expected '===' and instead saw '=='                                                                        eqeqeq
  Line 190:34:   Expected '===' and instead saw '=='                                                                        eqeqeq
  Line 199:25:   Expected '===' and instead saw '=='                                                                        eqeqeq
  Line 200:27:   Expected '===' and instead saw '=='                                                                        eqeqeq
  Line 202:33:   Expected '===' and instead saw '=='                                                                        eqeqeq
  Line 227:24:   img elements must have an alt prop, either with meaningful text, or an empty string for decorative images  jsx-a11y/alt-text
  Line 229:61:   Expected '===' and instead saw '=='                                                                        eqeqeq
  Line 229:174:  Expected '===' and instead saw '=='                                                                        eqeqeq
  Line 229:279:  Expected '===' and instead saw '=='                                                                        eqeqeq
  Line 235:61:   Expected '===' and instead saw '=='                                                                        eqeqeq
  Line 257:40:   img elements must have an alt prop, either with meaningful text, or an empty string for decorative images  jsx-a11y/alt-text
  Line 284:70:   Expected '===' and instead saw '=='                                                                        eqeqeq
  Line 306:40:   img elements must have an alt prop, either with meaningful text, or an empty string for decorative images  jsx-a11y/alt-text
  Line 333:70:   Expected '===' and instead saw '=='                                                                        eqeqeq
  Line 355:40:   img elements must have an alt prop, either with meaningful text, or an empty string for decorative images  jsx-a11y/alt-text

./src/view/default/home/mine/detailWallet1.js
  Line 37:43:  Expected '===' and instead saw '=='                                                                        eqeqeq
  Line 42:46:  Expected '===' and instead saw '=='                                                                        eqeqeq
  Line 68:57:  img elements must have an alt prop, either with meaningful text, or an empty string for decorative images  jsx-a11y/alt-text

./src/view/default/home/market/orderDetail.js
  Line 37:49:   Expected '===' and instead saw '=='                                                                        eqeqeq
  Line 62:52:   Expected '===' and instead saw '=='                                                                        eqeqeq
  Line 75:24:   img elements must have an alt prop, either with meaningful text, or an empty string for decorative images  jsx-a11y/alt-text
  Line 83:43:   img elements must have an alt prop, either with meaningful text, or an empty string for decorative images  jsx-a11y/alt-text
  Line 84:52:   Expected '===' and instead saw '=='                                                                        eqeqeq
  Line 84:97:   Expected '===' and instead saw '=='                                                                        eqeqeq
  Line 96:60:   Expected '===' and instead saw '=='                                                                        eqeqeq
  Line 96:121:  Expected '===' and instead saw '=='                                                                        eqeqeq

./src/view/default/home/mine/stablecoin.js
  Line 3:10:     'creat_account_mnemonic' is defined but never used                                                         no-unused-vars
  Line 3:34:     'get_address' is defined but never used                                                                    no-unused-vars
  Line 5:8:      'Account' is defined but never used                                                                        no-unused-vars
  Line 35:31:    Expected '===' and instead saw '=='                                                                        eqeqeq
  Line 64:17:    'range' is already defined                                                                                 no-redeclare
  Line 79:24:    img elements must have an alt prop, either with meaningful text, or an empty string for decorative images  jsx-a11y/alt-text
  Line 91:71:    img elements must have an alt prop, either with meaningful text, or an empty string for decorative images  jsx-a11y/alt-text
  Line 98:37:    img elements must have an alt prop, either with meaningful text, or an empty string for decorative images  jsx-a11y/alt-text
  Line 105:37:   img elements must have an alt prop, either with meaningful text, or an empty string for decorative images  jsx-a11y/alt-text
  Line 119:73:   Expected '===' and instead saw '=='                                                                        eqeqeq
  Line 119:129:  Expected '===' and instead saw '=='                                                                        eqeqeq

./src/view/default/home/getMoney1.js
  Line 3:10:   'creat_account_mnemonic' is defined but never used                                                         no-unused-vars
  Line 3:34:   'get_address' is defined but never used                                                                    no-unused-vars
  Line 47:17:  'range' is already defined                                                                                 no-redeclare
  Line 61:24:  img elements must have an alt prop, either with meaningful text, or an empty string for decorative images  jsx-a11y/alt-text

./src/view/app.js
  Line 3:10:   'inject' is defined but never used                                                                         no-unused-vars
  Line 3:18:   'observer' is defined but never used                                                                       no-unused-vars
  Line 4:8:    'intl' is defined but never used                                                                           no-unused-vars
  Line 25:14:  img elements must have an alt prop, either with meaningful text, or an empty string for decorative images  jsx-a11y/alt-text
  Line 26:15:  img elements must have an alt prop, either with meaningful text, or an empty string for decorative images  jsx-a11y/alt-text

./src/view/default/home/mine/importWallet.js
  Line 3:5:      'bip39' is assigned a value but never used                                                                 no-unused-vars
  Line 35:14:    Expected '===' and instead saw '=='                                                                        eqeqeq
  Line 39:21:    Expected '===' and instead saw '=='                                                                        eqeqeq
  Line 43:21:    Expected '===' and instead saw '=='                                                                        eqeqeq
  Line 47:21:    Expected '===' and instead saw '=='                                                                        eqeqeq
  Line 55:32:    Unnecessary escape character: \d                                                                           no-useless-escape
  Line 55:57:    Unnecessary escape character: \d                                                                           no-useless-escape
  Line 56:14:    Expected '===' and instead saw '=='                                                                        eqeqeq
  Line 58:22:    Expected '===' and instead saw '=='                                                                        eqeqeq
  Line 60:22:    Expected '===' and instead saw '=='                                                                        eqeqeq
  Line 62:37:    Expected '===' and instead saw '=='                                                                        eqeqeq
  Line 68:16:    Expected '===' and instead saw '=='                                                                        eqeqeq
  Line 75:23:    Expected '===' and instead saw '=='                                                                        eqeqeq
  Line 82:23:    Expected '===' and instead saw '=='                                                                        eqeqeq
  Line 102:14:   img elements must have an alt prop, either with meaningful text, or an empty string for decorative images  jsx-a11y/alt-text
  Line 110:36:   Expected '===' and instead saw '=='                                                                        eqeqeq
  Line 110:50:   img elements must have an alt prop, either with meaningful text, or an empty string for decorative images  jsx-a11y/alt-text
  Line 110:99:   Expected '===' and instead saw '=='                                                                        eqeqeq
  Line 110:110:  img elements must have an alt prop, either with meaningful text, or an empty string for decorative images  jsx-a11y/alt-text
  Line 110:159:  Expected '===' and instead saw '=='                                                                        eqeqeq
  Line 110:170:  img elements must have an alt prop, either with meaningful text, or an empty string for decorative images  jsx-a11y/alt-text
  Line 114:34:   Expected '===' and instead saw '=='                                                                        eqeqeq
  Line 114:109:  Expected '===' and instead saw '=='                                                                        eqeqeq
  Line 114:182:  Expected '===' and instead saw '=='                                                                        eqeqeq
  Line 126:34:   Expected '===' and instead saw '=='                                                                        eqeqeq
  Line 126:165:  Expected '===' and instead saw '=='                                                                        eqeqeq
  Line 126:292:  Expected '===' and instead saw '=='                                                                        eqeqeq

./src/api/server.js
  Line 3:5:    'url1' is assigned a value but never used  no-unused-vars
  Line 18:21:  Expected '===' and instead saw '=='        eqeqeq
  Line 31:28:  Expected '===' and instead saw '=='        eqeqeq
  Line 36:28:  Expected '===' and instead saw '=='        eqeqeq

./src/api/deal.js
  Line 3:5:  'url1' is assigned a value but never used  no-unused-vars

./src/view/default/home/mine.js
  Line 46:47:  img elements must have an alt prop, either with meaningful text, or an empty string for decorative images  jsx-a11y/alt-text
  Line 54:35:  img elements must have an alt prop, either with meaningful text, or an empty string for decorative images  jsx-a11y/alt-text
  Line 56:35:  img elements must have an alt prop, either with meaningful text, or an empty string for decorative images  jsx-a11y/alt-text
  Line 61:35:  img elements must have an alt prop, either with meaningful text, or an empty string for decorative images  jsx-a11y/alt-text
  Line 63:35:  img elements must have an alt prop, either with meaningful text, or an empty string for decorative images  jsx-a11y/alt-text
  Line 68:35:  img elements must have an alt prop, either with meaningful text, or an empty string for decorative images  jsx-a11y/alt-text
  Line 70:35:  img elements must have an alt prop, either with meaningful text, or an empty string for decorative images  jsx-a11y/alt-text

./src/view/default/home/mine/directoryInquiries.js
  Line 47:13:  img elements must have an alt prop, either with meaningful text, or an empty string for decorative images  jsx-a11y/alt-text
  Line 60:13:  img elements must have an alt prop, either with meaningful text, or an empty string for decorative images  jsx-a11y/alt-text

./src/view/default/backup/confirmWords.js
  Line 4:10:    'thisExpression' is defined but never used                                                                 no-unused-vars
  Line 62:7:    Array prototype is read only, properties should not be added                                               no-extend-native
  Line 86:35:   Expected '===' and instead saw '=='                                                                        eqeqeq
  Line 92:36:   Expected '===' and instead saw '=='                                                                        eqeqeq
  Line 132:32:  Expected '===' and instead saw '=='                                                                        eqeqeq
  Line 143:38:  Expected '===' and instead saw '=='                                                                        eqeqeq
  Line 143:76:  Expected '!==' and instead saw '!='                                                                        eqeqeq
  Line 163:14:  img elements must have an alt prop, either with meaningful text, or an empty string for decorative images  jsx-a11y/alt-text

./src/view/default/home/mine/manage1.js
  Line 4:8:     'vAccount' is defined but never used                                                                       no-unused-vars
  Line 5:8:     'Account' is defined but never used                                                                        no-unused-vars
  Line 9:5:     'testnet' is assigned a value but never used                                                               no-unused-vars
  Line 10:7:    'prompt' is assigned a value but never used                                                                no-unused-vars
  Line 41:30:   Expected '===' and instead saw '=='                                                                        eqeqeq
  Line 43:37:   Expected '!==' and instead saw '!='                                                                        eqeqeq
  Line 78:24:   img elements must have an alt prop, either with meaningful text, or an empty string for decorative images  jsx-a11y/alt-text
  Line 96:56:   img elements must have an alt prop, either with meaningful text, or an empty string for decorative images  jsx-a11y/alt-text
  Line 104:56:  img elements must have an alt prop, either with meaningful text, or an empty string for decorative images  jsx-a11y/alt-text

./src/view/default/home/sweepCode1.js
  Line 53:24:  img elements must have an alt prop, either with meaningful text, or an empty string for decorative images  jsx-a11y/alt-text

./src/view/default/home/sweepCode2.js
  Line 53:24:  img elements must have an alt prop, either with meaningful text, or an empty string for decorative images  jsx-a11y/alt-text

./src/view/default/home/sweepCode.js
  Line 53:24:  img elements must have an alt prop, either with meaningful text, or an empty string for decorative images  jsx-a11y/alt-text

./src/view/default/home.js
  Line 58:61:   Expected '===' and instead saw '=='                                                                        eqeqeq
  Line 68:62:   Expected '===' and instead saw '=='                                                                        eqeqeq
  Line 95:9:    Do not mutate state directly. Use setState()                                                               react/no-direct-mutation-state
  Line 109:49:  Expected '===' and instead saw '=='                                                                        eqeqeq
  Line 110:20:  Expected '===' and instead saw '=='                                                                        eqeqeq
  Line 116:20:  Expected '===' and instead saw '=='                                                                        eqeqeq
  Line 133:39:  Expected '===' and instead saw '=='                                                                        eqeqeq
  Line 133:71:  Expected '===' and instead saw '=='                                                                        eqeqeq
  Line 135:32:  img elements must have an alt prop, either with meaningful text, or an empty string for decorative images  jsx-a11y/alt-text
  Line 144:36:  img elements must have an alt prop, either with meaningful text, or an empty string for decorative images  jsx-a11y/alt-text
  Line 171:62:  Expected '===' and instead saw '=='                                                                        eqeqeq
  Line 185:63:  Expected '===' and instead saw '=='                                                                        eqeqeq

./src/view/default/backup/codeBackup.js
  Line 5:5:    'aes256' is assigned a value but never used                                                                no-unused-vars
  Line 32:40:  Expected '===' and instead saw '=='                                                                        eqeqeq
  Line 34:47:  Expected '===' and instead saw '=='                                                                        eqeqeq
  Line 46:50:  img elements must have an alt prop, either with meaningful text, or an empty string for decorative images  jsx-a11y/alt-text
  Line 60:41:  img elements must have an alt prop, either with meaningful text, or an empty string for decorative images  jsx-a11y/alt-text

./src/view/default/home/walletSystem.js
  Line 60:53:    Expected '===' and instead saw '=='                                                                        eqeqeq
  Line 64:60:    Expected '===' and instead saw '=='                                                                        eqeqeq
  Line 68:60:    Expected '===' and instead saw '=='                                                                        eqeqeq
  Line 75:17:    'btc' is assigned a value but never used                                                                   no-unused-vars
  Line 92:56:    Expected '===' and instead saw '=='                                                                        eqeqeq
  Line 93:55:    Expected '===' and instead saw '=='                                                                        eqeqeq
  Line 94:53:    Expected '===' and instead saw '=='                                                                        eqeqeq
  Line 115:18:   Expected '===' and instead saw '=='                                                                        eqeqeq
  Line 124:25:   Expected '===' and instead saw '=='                                                                        eqeqeq
  Line 133:25:   Expected '===' and instead saw '=='                                                                        eqeqeq
  Line 145:18:   Expected '===' and instead saw '=='                                                                        eqeqeq
  Line 154:25:   Expected '===' and instead saw '=='                                                                        eqeqeq
  Line 162:25:   Expected '===' and instead saw '=='                                                                        eqeqeq
  Line 181:24:   img elements must have an alt prop, either with meaningful text, or an empty string for decorative images  jsx-a11y/alt-text
  Line 193:44:   img elements must have an alt prop, either with meaningful text, or an empty string for decorative images  jsx-a11y/alt-text
  Line 193:70:   Expected '===' and instead saw '=='                                                                        eqeqeq
  Line 199:45:   Expected '===' and instead saw '=='                                                                        eqeqeq
  Line 204:83:   Expected '===' and instead saw '=='                                                                        eqeqeq
  Line 204:132:  Expected '===' and instead saw '=='                                                                        eqeqeq
  Line 204:180:  Expected '===' and instead saw '=='                                                                        eqeqeq
  Line 207:87:   Expected '===' and instead saw '=='                                                                        eqeqeq
  Line 209:60:   Expected '===' and instead saw '=='                                                                        eqeqeq
  Line 209:104:  Expected '===' and instead saw '=='                                                                        eqeqeq
  Line 209:147:  Expected '===' and instead saw '=='                                                                        eqeqeq
  Line 218:83:   Expected '===' and instead saw '=='                                                                        eqeqeq
  Line 218:132:  Expected '===' and instead saw '=='                                                                        eqeqeq
  Line 218:180:  Expected '===' and instead saw '=='                                                                        eqeqeq
  Line 221:86:   Expected '===' and instead saw '=='                                                                        eqeqeq
  Line 224:60:   Expected '===' and instead saw '=='                                                                        eqeqeq
  Line 224:138:  Expected '===' and instead saw '=='                                                                        eqeqeq
  Line 225:87:   Expected '===' and instead saw '=='                                                                        eqeqeq
  Line 234:45:   Expected '===' and instead saw '=='                                                                        eqeqeq
  Line 242:87:   Expected '===' and instead saw '=='                                                                        eqeqeq
  Line 252:45:   Expected '===' and instead saw '=='                                                                        eqeqeq
  Line 260:87:   Expected '===' and instead saw '=='                                                                        eqeqeq
  Line 270:45:   Expected '===' and instead saw '=='                                                                        eqeqeq
  Line 278:87:   Expected '===' and instead saw '=='                                                                        eqeqeq

./src/view/default/createIdentity.js
  Line 6:5:    'aes256' is assigned a value but never used                                                                no-unused-vars
  Line 32:14:  Expected '===' and instead saw '=='                                                                        eqeqeq
  Line 36:21:  Expected '===' and instead saw '=='                                                                        eqeqeq
  Line 40:21:  Expected '===' and instead saw '=='                                                                        eqeqeq
  Line 52:14:  Expected '===' and instead saw '=='                                                                        eqeqeq
  Line 54:22:  Expected '===' and instead saw '=='                                                                        eqeqeq
  Line 57:20:  Expected '===' and instead saw '=='                                                                        eqeqeq
  Line 59:37:  Expected '===' and instead saw '=='                                                                        eqeqeq
  Line 86:14:  img elements must have an alt prop, either with meaningful text, or an empty string for decorative images  jsx-a11y/alt-text

./src/view/default/home/mine/dailyCash.js
  Line 71:24:    img elements must have an alt prop, either with meaningful text, or an empty string for decorative images  jsx-a11y/alt-text
  Line 75:24:    img elements must have an alt prop, either with meaningful text, or an empty string for decorative images  jsx-a11y/alt-text
  Line 82:71:    Expected '===' and instead saw '=='                                                                        eqeqeq
  Line 82:120:   Expected '===' and instead saw '=='                                                                        eqeqeq
  Line 82:168:   Expected '===' and instead saw '=='                                                                        eqeqeq
  Line 90:66:    Expected '===' and instead saw '=='                                                                        eqeqeq
  Line 90:110:   Expected '===' and instead saw '=='                                                                        eqeqeq
  Line 90:153:   Expected '===' and instead saw '=='                                                                        eqeqeq
  Line 93:44:    img elements must have an alt prop, either with meaningful text, or an empty string for decorative images  jsx-a11y/alt-text
  Line 95:48:    Expected '===' and instead saw '=='                                                                        eqeqeq
  Line 95:92:    Expected '===' and instead saw '=='                                                                        eqeqeq
  Line 95:135:   Expected '===' and instead saw '=='                                                                        eqeqeq
  Line 125:63:   Expected '===' and instead saw '=='                                                                        eqeqeq
  Line 125:112:  Expected '===' and instead saw '=='                                                                        eqeqeq
  Line 125:160:  Expected '===' and instead saw '=='                                                                        eqeqeq
  Line 133:66:   Expected '===' and instead saw '=='                                                                        eqeqeq
  Line 133:110:  Expected '===' and instead saw '=='                                                                        eqeqeq
  Line 133:153:  Expected '===' and instead saw '=='                                                                        eqeqeq
  Line 136:44:   img elements must have an alt prop, either with meaningful text, or an empty string for decorative images  jsx-a11y/alt-text
  Line 139:48:   Expected '===' and instead saw '=='                                                                        eqeqeq
  Line 139:126:  Expected '===' and instead saw '=='                                                                        eqeqeq
  Line 140:75:   Expected '===' and instead saw '=='                                                                        eqeqeq

./src/view/default/home/mine/record.js
  Line 72:49:    Expected '===' and instead saw '=='                                                                        eqeqeq
  Line 74:56:    Expected '===' and instead saw '=='                                                                        eqeqeq
  Line 76:56:    Expected '===' and instead saw '=='                                                                        eqeqeq
  Line 87:52:    Expected '===' and instead saw '=='                                                                        eqeqeq
  Line 94:57:    Expected '===' and instead saw '=='                                                                        eqeqeq
  Line 96:64:    Expected '===' and instead saw '=='                                                                        eqeqeq
  Line 98:64:    Expected '===' and instead saw '=='                                                                        eqeqeq
  Line 107:26:   Expected '===' and instead saw '=='                                                                        eqeqeq
  Line 109:32:   Expected '===' and instead saw '=='                                                                        eqeqeq
  Line 126:24:   img elements must have an alt prop, either with meaningful text, or an empty string for decorative images  jsx-a11y/alt-text
  Line 137:65:   Expected '===' and instead saw '=='                                                                        eqeqeq
  Line 137:135:  Expected '===' and instead saw '=='                                                                        eqeqeq
  Line 141:81:   Expected '===' and instead saw '=='                                                                        eqeqeq
  Line 147:77:   Expected '===' and instead saw '=='                                                                        eqeqeq
  Line 147:154:  Expected '===' and instead saw '=='                                                                        eqeqeq
  Line 147:229:  Expected '===' and instead saw '=='                                                                        eqeqeq
  Line 166:127:  Expected '===' and instead saw '=='                                                                        eqeqeq
  Line 166:180:  Expected '===' and instead saw '=='                                                                        eqeqeq
  Line 166:254:  Expected '===' and instead saw '=='                                                                        eqeqeq
  Line 166:332:  Expected '===' and instead saw '=='                                                                        eqeqeq
  Line 175:77:   Expected '===' and instead saw '=='                                                                        eqeqeq
  Line 175:154:  Expected '===' and instead saw '=='                                                                        eqeqeq
  Line 175:229:  Expected '===' and instead saw '=='                                                                        eqeqeq
  Line 178:77:   Expected '===' and instead saw '=='                                                                        eqeqeq
  Line 178:154:  Expected '===' and instead saw '=='                                                                        eqeqeq
  Line 178:229:  Expected '===' and instead saw '=='                                                                        eqeqeq

./src/view/default/home/wallet.js
  Line 7:8:      'BScroll' is defined but never used                                                                        no-unused-vars
  Line 10:5:     'aes256' is assigned a value but never used                                                                no-unused-vars
  Line 39:49:    Expected '===' and instead saw '=='                                                                        eqeqeq
  Line 58:67:    Expected '===' and instead saw '=='                                                                        eqeqeq
  Line 59:94:    Expected '===' and instead saw '=='                                                                        eqeqeq
  Line 75:56:    Expected '===' and instead saw '=='                                                                        eqeqeq
  Line 86:56:    Expected '===' and instead saw '=='                                                                        eqeqeq
  Line 122:17:   'range' is already defined                                                                                 no-redeclare
  Line 136:115:  img elements must have an alt prop, either with meaningful text, or an empty string for decorative images  jsx-a11y/alt-text
  Line 140:24:   img elements must have an alt prop, either with meaningful text, or an empty string for decorative images  jsx-a11y/alt-text
  Line 150:36:   img elements must have an alt prop, either with meaningful text, or an empty string for decorative images  jsx-a11y/alt-text
  Line 154:73:   Expected '===' and instead saw '=='                                                                        eqeqeq
  Line 154:150:  Expected '===' and instead saw '=='                                                                        eqeqeq
  Line 154:225:  Expected '===' and instead saw '=='                                                                        eqeqeq
  Line 160:71:   img elements must have an alt prop, either with meaningful text, or an empty string for decorative images  jsx-a11y/alt-text
  Line 168:37:   img elements must have an alt prop, either with meaningful text, or an empty string for decorative images  jsx-a11y/alt-text
  Line 175:37:   img elements must have an alt prop, either with meaningful text, or an empty string for decorative images  jsx-a11y/alt-text
  Line 189:39:   img elements must have an alt prop, either with meaningful text, or an empty string for decorative images  jsx-a11y/alt-text
  Line 195:116:  Expected '===' and instead saw '=='                                                                        eqeqeq
  Line 197:44:   img elements must have an alt prop, either with meaningful text, or an empty string for decorative images  jsx-a11y/alt-text
  Line 202:85:   Expected '===' and instead saw '=='                                                                        eqeqeq
  Line 202:162:  Expected '===' and instead saw '=='                                                                        eqeqeq
  Line 206:73:   Expected '===' and instead saw '=='                                                                        eqeqeq
  Line 227:40:   img elements must have an alt prop, either with meaningful text, or an empty string for decorative images  jsx-a11y/alt-text

./src/view/default/home/mine/tranfer1.js
  Line 7:8:     'Account' is defined but never used                                                                        no-unused-vars
  Line 32:40:   Expected '===' and instead saw '=='                                                                        eqeqeq
  Line 37:46:   Expected '===' and instead saw '=='                                                                        eqeqeq
  Line 41:47:   Expected '===' and instead saw '=='                                                                        eqeqeq
  Line 61:17:   Expected '===' and instead saw '=='                                                                        eqeqeq
  Line 65:56:   Unnecessary escape character: \-                                                                           no-useless-escape
  Line 66:67:   Expected '!==' and instead saw '!='                                                                        eqeqeq
  Line 73:24:   Expected '===' and instead saw '=='                                                                        eqeqeq
  Line 89:26:   Expected '===' and instead saw '=='                                                                        eqeqeq
  Line 104:24:  img elements must have an alt prop, either with meaningful text, or an empty string for decorative images  jsx-a11y/alt-text
  Line 131:40:  img elements must have an alt prop, either with meaningful text, or an empty string for decorative images  jsx-a11y/alt-text

./src/view/default/home/market/orderForm.js
  Line 8:8:      'BScroll' is defined but never used                                                                        no-unused-vars
  Line 48:52:    Expected '===' and instead saw '=='                                                                        eqeqeq
  Line 65:57:    Expected '===' and instead saw '=='                                                                        eqeqeq
  Line 65:78:    Expected '===' and instead saw '=='                                                                        eqeqeq
  Line 66:60:    Expected '===' and instead saw '=='                                                                        eqeqeq
  Line 67:17:    Expected '===' and instead saw '=='                                                                        eqeqeq
  Line 72:24:    Expected '===' and instead saw '=='                                                                        eqeqeq
  Line 92:17:    Expected '===' and instead saw '=='                                                                        eqeqeq
  Line 94:24:    Expected '===' and instead saw '=='                                                                        eqeqeq
  Line 97:17:    Expected '===' and instead saw '=='                                                                        eqeqeq
  Line 99:24:    Expected '===' and instead saw '=='                                                                        eqeqeq
  Line 113:24:   img elements must have an alt prop, either with meaningful text, or an empty string for decorative images  jsx-a11y/alt-text
  Line 121:124:  Expected '===' and instead saw '=='                                                                        eqeqeq
  Line 132:51:   img elements must have an alt prop, either with meaningful text, or an empty string for decorative images  jsx-a11y/alt-text
  Line 148:72:   Expected '===' and instead saw '=='                                                                        eqeqeq
  Line 148:133:  Expected '===' and instead saw '=='                                                                        eqeqeq
  Line 164:72:   img elements must have an alt prop, either with meaningful text, or an empty string for decorative images  jsx-a11y/alt-text

./src/view/default/home/market.js
  Line 8:8:      'CoinData' is defined but never used                                                                       no-unused-vars
  Line 51:67:    Expected '===' and instead saw '=='                                                                        eqeqeq
  Line 73:34:    Unnecessary escape character: \-                                                                           no-useless-escape
  Line 74:45:    Expected '!==' and instead saw '!='                                                                        eqeqeq
  Line 82:52:    Expected '===' and instead saw '=='                                                                        eqeqeq
  Line 128:18:   Expected '===' and instead saw '=='                                                                        eqeqeq
  Line 139:25:   Expected '===' and instead saw '=='                                                                        eqeqeq
  Line 164:22:   Expected '===' and instead saw '=='                                                                        eqeqeq
  Line 171:29:   Expected '===' and instead saw '=='                                                                        eqeqeq
  Line 180:22:   Expected '===' and instead saw '=='                                                                        eqeqeq
  Line 186:29:   Expected '===' and instead saw '=='                                                                        eqeqeq
  Line 228:30:   Expected '===' and instead saw '=='                                                                        eqeqeq
  Line 230:37:   Expected '!==' and instead saw '!='                                                                        eqeqeq
  Line 234:38:   'count' is assigned a value but never used                                                                 no-unused-vars
  Line 242:41:   Expected '===' and instead saw '=='                                                                        eqeqeq
  Line 245:41:   Expected '===' and instead saw '=='                                                                        eqeqeq
  Line 266:21:   Expected a conditional expression and instead saw an assignment                                            no-cond-assign
  Line 278:41:   Expected '===' and instead saw '=='                                                                        eqeqeq
  Line 281:41:   Expected '===' and instead saw '=='                                                                        eqeqeq
  Line 300:21:   Expected a conditional expression and instead saw an assignment                                            no-cond-assign
  Line 312:13:   'curEntrust' is assigned a value but never used                                                            no-unused-vars
  Line 330:140:  img elements must have an alt prop, either with meaningful text, or an empty string for decorative images  jsx-a11y/alt-text
  Line 332:149:  img elements must have an alt prop, either with meaningful text, or an empty string for decorative images  jsx-a11y/alt-text
  Line 338:145:  img elements must have an alt prop, either with meaningful text, or an empty string for decorative images  jsx-a11y/alt-text
  Line 340:144:  img elements must have an alt prop, either with meaningful text, or an empty string for decorative images  jsx-a11y/alt-text
  Line 422:58:   Expected '===' and instead saw '=='                                                                        eqeqeq
  Line 422:119:  Expected '===' and instead saw '=='                                                                        eqeqeq
  Line 434:167:  img elements must have an alt prop, either with meaningful text, or an empty string for decorative images  jsx-a11y/alt-text

Search for the keywords to learn more about each warning.
To ignore, add // eslint-disable-next-line to the line before.


Could not open record.js in the editor.

To set up the editor integration, add something like REACT_EDITOR=atom to the .env.local file in your project folder and restart the development server. Learn more: https://goo.gl/MMTaZt


Could not open market.js in the editor.

To set up the editor integration, add something like REACT_EDITOR=atom to the .env.local file in your project folder and restart the development server. Learn more: https://goo.gl/MMTaZt


Could not open market.js in the editor.

To set up the editor integration, add something like REACT_EDITOR=atom to the .env.local file in your project folder and restart the development server. Learn more: https://goo.gl/MMTaZt


Could not open market.js in the editor.

To set up the editor integration, add something like REACT_EDITOR=atom to the .env.local file in your project folder and restart the development server. Learn more: https://goo.gl/MMTaZt


Could not open market.js in the editor.

To set up the editor integration, add something like REACT_EDITOR=atom to the .env.local file in your project folder and restart the development server. Learn more: https://goo.gl/MMTaZt


Could not open market.js in the editor.

To set up the editor integration, add something like REACT_EDITOR=atom to the .env.local file in your project folder and restart the development server. Learn more: https://goo.gl/MMTaZt


Could not open market.js in the editor.

To set up the editor integration, add something like REACT_EDITOR=atom to the .env.local file in your project folder and restart the development server. Learn more: https://goo.gl/MMTaZt


Could not open market.js in the editor.

To set up the editor integration, add something like REACT_EDITOR=atom to the .env.local file in your project folder and restart the development server. Learn more: https://goo.gl/MMTaZt


Could not open market.js in the editor.

To set up the editor integration, add something like REACT_EDITOR=atom to the .env.local file in your project folder and restart the development server. Learn more: https://goo.gl/MMTaZt


Could not open market.js in the editor.

To set up the editor integration, add something like REACT_EDITOR=atom to the .env.local file in your project folder and restart the development server. Learn more: https://goo.gl/MMTaZt


Could not open market.js in the editor.

To set up the editor integration, add something like REACT_EDITOR=atom to the .env.local file in your project folder and restart the development server. Learn more: https://goo.gl/MMTaZt

